* using log directory ‘/Users/stevenlawrence/Documents/tidyrhrv/tidyrhrv.Rcheck’
* using R version 4.4.1 (2024-06-14)
* using platform: x86_64-apple-darwin20
* R was compiled by
    Apple clang version 14.0.0 (clang-1400.0.29.202)
    GNU Fortran (GCC) 12.2.0
* running under: macOS Sonoma 14.4
* using session charset: UTF-8
* using option ‘--as-cran’
* checking for file ‘tidyrhrv/DESCRIPTION’ ... OK
* this is package ‘tidyrhrv’ version ‘1.1.0’
* package encoding: UTF-8
* checking CRAN incoming feasibility ... NOTE
Maintainer: ‘Steven Lawrence <stevenlawrence.r@gmail.com>’

New submission
* checking package namespace information ... OK
* checking package dependencies ... OK
* checking if this is a source package ... OK
* checking if there is a namespace ... OK
* checking for executable files ... OK
* checking for hidden files and directories ... OK
* checking for portable file names ... OK
* checking for sufficient/correct file permissions ... OK
* checking serialization versions ... OK
* checking whether package ‘tidyrhrv’ can be installed ... OK
* checking installed package size ... OK
* checking package directory ... OK
* checking for future file timestamps ... OK
* checking DESCRIPTION meta-information ... OK
* checking top-level files ... OK
* checking for left-over files ... OK
* checking index information ... OK
* checking package subdirectories ... OK
* checking code files for non-ASCII characters ... OK
* checking R files for syntax errors ... OK
* checking whether the package can be loaded ... OK
* checking whether the package can be loaded with stated dependencies ... OK
* checking whether the package can be unloaded cleanly ... OK
* checking whether the namespace can be loaded with stated dependencies ... OK
* checking whether the namespace can be unloaded cleanly ... OK
* checking loading without being on the library search path ... OK
* checking use of S3 registration ... OK
* checking dependencies in R code ... NOTE
Namespace in Imports field not imported from: ‘utils’
  All declared Imports should be used.
* checking S3 generic/method consistency ... OK
* checking replacement functions ... OK
* checking foreign function calls ... OK
* checking R code for possible problems ... OK
* checking Rd files ... OK
* checking Rd metadata ... OK
* checking Rd line widths ... OK
* checking Rd cross-references ... OK
* checking for missing documentation entries ... OK
* checking for code/documentation mismatches ... OK
* checking Rd \usage sections ... OK
* checking Rd contents ... OK
* checking for unstated dependencies in examples ... OK
* checking examples ... OK
* checking PDF version of manual ... OK
* checking HTML version of manual ... NOTE
Found the following HTML validation problems:
filter_tilt.html:15:44 (filter_tilt.Rd:5): Error: <main> is not recognized!
filter_tilt.html:15:44 (filter_tilt.Rd:5): Warning: discarding unexpected <main>
filter_tilt.html:69:1 (filter_tilt.Rd:29): Warning: discarding unexpected </main>
filter_tilt.html:4:1 (filter_tilt.Rd:5): Warning: <link> inserting "type" attribute
filter_tilt.html:12:1 (filter_tilt.Rd:5): Warning: <script> proprietary attribute "onload"
filter_tilt.html:12:1 (filter_tilt.Rd:5): Warning: <script> inserting "type" attribute
filter_tilt.html:17:1 (filter_tilt.Rd:5): Warning: <table> lacks "summary" attribute
filter_tilt.html:36:1 (filter_tilt.Rd:10): Warning: <table> lacks "summary" attribute
filter_tilt.html:37:14 (filter_tilt.Rd:10): Warning: <code> attribute "id" has invalid value ".data"
pipe.html:15:44 (pipe.Rd:5): Error: <main> is not recognized!
pipe.html:15:44 (pipe.Rd:5): Warning: discarding unexpected <main>
pipe.html:32:1 (pipe.Rd:7): Warning: discarding unexpected </main>
pipe.html:4:1 (pipe.Rd:5): Warning: <link> inserting "type" attribute
pipe.html:12:1 (pipe.Rd:5): Warning: <script> proprietary attribute "onload"
pipe.html:12:1 (pipe.Rd:5): Warning: <script> inserting "type" attribute
pipe.html:17:1 (pipe.Rd:5): Warning: <table> lacks "summary" attribute
plot_tilt.html:15:44 (plot_tilt.Rd:5): Error: <main> is not recognized!
plot_tilt.html:15:44 (plot_tilt.Rd:5): Warning: discarding unexpected <main>
plot_tilt.html:69:1 (plot_tilt.Rd:29): Warning: discarding unexpected </main>
plot_tilt.html:4:1 (plot_tilt.Rd:5): Warning: <link> inserting "type" attribute
plot_tilt.html:12:1 (plot_tilt.Rd:5): Warning: <script> proprietary attribute "onload"
plot_tilt.html:12:1 (plot_tilt.Rd:5): Warning: <script> inserting "type" attribute
plot_tilt.html:17:1 (plot_tilt.Rd:5): Warning: <table> lacks "summary" attribute
plot_tilt.html:36:1 (plot_tilt.Rd:10): Warning: <table> lacks "summary" attribute
plot_tilt.html:37:14 (plot_tilt.Rd:10): Warning: <code> attribute "id" has invalid value ".data"
prep_data.html:15:44 (prep_data.Rd:5): Error: <main> is not recognized!
prep_data.html:15:44 (prep_data.Rd:5): Warning: discarding unexpected <main>
prep_data.html:71:1 (prep_data.Rd:29): Warning: discarding unexpected </main>
prep_data.html:4:1 (prep_data.Rd:5): Warning: <link> inserting "type" attribute
prep_data.html:12:1 (prep_data.Rd:5): Warning: <script> proprietary attribute "onload"
prep_data.html:12:1 (prep_data.Rd:5): Warning: <script> inserting "type" attribute
prep_data.html:17:1 (prep_data.Rd:5): Warning: <table> lacks "summary" attribute
prep_data.html:36:1 (prep_data.Rd:10): Warning: <table> lacks "summary" attribute
prep_data.html:37:14 (prep_data.Rd:10): Warning: <code> attribute "id" has invalid value ".data"
read_tilt.html:15:44 (read_tilt.Rd:5): Error: <main> is not recognized!
read_tilt.html:15:44 (read_tilt.Rd:5): Warning: discarding unexpected <main>
read_tilt.html:65:1 (read_tilt.Rd:27): Warning: discarding unexpected </main>
read_tilt.html:4:1 (read_tilt.Rd:5): Warning: <link> inserting "type" attribute
read_tilt.html:12:1 (read_tilt.Rd:5): Warning: <script> proprietary attribute "onload"
read_tilt.html:12:1 (read_tilt.Rd:5): Warning: <script> inserting "type" attribute
read_tilt.html:17:1 (read_tilt.Rd:5): Warning: <table> lacks "summary" attribute
read_tilt.html:36:1 (read_tilt.Rd:10): Warning: <table> lacks "summary" attribute
* checking for non-standard things in the check directory ... OK
* checking for detritus in the temp directory ... OK
* DONE
Status: 3 NOTEs
